# JRE version: OpenJDK Runtime Environment (11.0.11+9) (build 11.0.11+9-b60-7590822)
# Java VM: OpenJDK 64-Bit Server VM (11.0.11+9-b60-7590822, mixed mode, tiered, compressed oops, g1 gc, windows-amd64)
Heap:
 garbage-first heap   total 225280K, used 142335K [0x0000000080000000, 0x0000000100000000)
  region size 1024K, 36 young (36864K), 1 survivors (1024K)
 Metaspace       used 108904K, capacity 112201K, committed 112264K, reserved 1146880K
  class space    used 14512K, capacity 15782K, committed 15816K, reserved 1048576K
GC Heap History (20 events):
Event: 16.373 GC heap before
{Heap before GC invocations=19 (full 0):
 garbage-first heap   total 155648K, used 118002K [0x0000000080000000, 0x0000000100000000)
  region size 1024K, 60 young (61440K), 7 survivors (7168K)
 Metaspace       used 78056K, capacity 79930K, committed 80120K, reserved 1118208K
  class space    used 10226K, capacity 10900K, committed 11008K, reserved 1048576K
}
Event: 16.391 GC heap after
{Heap after GC invocations=20 (full 0):
 garbage-first heap   total 155648K, used 67667K [0x0000000080000000, 0x0000000100000000)
  region size 1024K, 8 young (8192K), 8 survivors (8192K)
 Metaspace       used 78056K, capacity 79930K, committed 80120K, reserved 1118208K
  class space    used 10226K, capacity 10900K, committed 11008K, reserved 1048576K
}
Event: 17.807 GC heap before
{Heap before GC invocations=20 (full 0):
 garbage-first heap   total 155648K, used 119891K [0x0000000080000000, 0x0000000100000000)
  region size 1024K, 60 young (61440K), 8 survivors (8192K)
 Metaspace       used 81109K, capacity 83256K, committed 83448K, reserved 1122304K
  class space    used 10691K, capacity 11451K, committed 11520K, reserved 1048576K
}
Event: 17.849 GC heap after
{Heap after GC invocations=21 (full 0):
 garbage-first heap   total 187392K, used 71947K [0x0000000080000000, 0x0000000100000000)
  region size 1024K, 8 young (8192K), 8 survivors (8192K)
 Metaspace       used 81109K, capacity 83256K, committed 83448K, reserved 1122304K
  class space    used 10691K, capacity 11451K, committed 11520K, reserved 1048576K
}
Event: 19.427 GC heap before
{Heap before GC invocations=21 (full 0):
 garbage-first heap   total 187392K, used 137483K [0x0000000080000000, 0x0000000100000000)
  region size 1024K, 73 young (74752K), 8 survivors (8192K)
 Metaspace       used 81847K, capacity 84027K, committed 84344K, reserved 1122304K
  class space    used 10714K, capacity 11535K, committed 11648K, reserved 1048576K
}
Event: 19.447 GC heap after
{Heap after GC invocations=22 (full 0):
 garbage-first heap   total 187392K, used 76606K [0x0000000080000000, 0x0000000100000000)
  region size 1024K, 9 young (9216K), 9 survivors (9216K)
 Metaspace       used 81847K, capacity 84027K, committed 84344K, reserved 1122304K
  class space    used 10714K, capacity 11535K, committed 11648K, reserved 1048576K
}
Event: 20.514 GC heap before
{Heap before GC invocations=22 (full 0):
 garbage-first heap   total 187392K, used 142142K [0x0000000080000000, 0x0000000100000000)
  region size 1024K, 74 young (75776K), 9 survivors (9216K)
 Metaspace       used 82340K, capacity 84641K, committed 84856K, reserved 1122304K
  class space    used 10756K, capacity 11591K, committed 11648K, reserved 1048576K
}
Event: 20.532 GC heap after
{Heap after GC invocations=23 (full 0):
 garbage-first heap   total 187392K, used 81095K [0x0000000080000000, 0x0000000100000000)
  region size 1024K, 9 young (9216K), 9 survivors (9216K)
 Metaspace       used 82340K, capacity 84641K, committed 84856K, reserved 1122304K
  class space    used 10756K, capacity 11591K, committed 11648K, reserved 1048576K
}
Event: 21.233 GC heap before
{Heap before GC invocations=23 (full 0):
 garbage-first heap   total 187392K, used 145607K [0x0000000080000000, 0x0000000100000000)
  region size 1024K, 73 young (74752K), 9 survivors (9216K)
 Metaspace       used 85173K, capacity 87433K, committed 87544K, reserved 1124352K
  class space    used 11095K, capacity 11948K, committed 12032K, reserved 1048576K
}
Event: 21.254 GC heap after
{Heap after GC invocations=24 (full 0):
 garbage-first heap   total 187392K, used 87631K [0x0000000080000000, 0x0000000100000000)
  region size 1024K, 10 young (10240K), 10 survivors (10240K)
 Metaspace       used 85173K, capacity 87433K, committed 87544K, reserved 1124352K
  class space    used 11095K, capacity 11948K, committed 12032K, reserved 1048576K
}
Event: 24.108 GC heap before
{Heap before GC invocations=24 (full 0):
 garbage-first heap   total 187392K, used 149071K [0x0000000080000000, 0x0000000100000000)
  region size 1024K, 69 young (70656K), 10 survivors (10240K)
 Metaspace       used 90771K, capacity 93279K, committed 93432K, reserved 1130496K
  class space    used 11782K, capacity 12680K, committed 12800K, reserved 1048576K
}
Event: 24.140 GC heap after
{Heap after GC invocations=25 (full 0):
 garbage-first heap   total 225280K, used 101080K [0x0000000080000000, 0x0000000100000000)
  region size 1024K, 9 young (9216K), 9 survivors (9216K)
 Metaspace       used 90771K, capacity 93279K, committed 93432K, reserved 1130496K
  class space    used 11782K, capacity 12680K, committed 12800K, reserved 1048576K
}
Event: 24.935 GC heap before
{Heap before GC invocations=25 (full 0):
 garbage-first heap   total 225280K, used 167640K [0x0000000080000000, 0x0000000100000000)
  region size 1024K, 75 young (76800K), 9 survivors (9216K)
 Metaspace       used 92777K, capacity 95374K, committed 95480K, reserved 1132544K
  class space    used 12020K, capacity 12966K, committed 13056K, reserved 1048576K
}
Event: 24.947 GC heap after
{Heap after GC invocations=26 (full 0):
 garbage-first heap   total 225280K, used 104412K [0x0000000080000000, 0x0000000100000000)
  region size 1024K, 6 young (6144K), 6 survivors (6144K)
 Metaspace       used 92777K, capacity 95374K, committed 95480K, reserved 1132544K
  class space    used 12020K, capacity 12966K, committed 13056K, reserved 1048576K
}
Event: 25.759 GC heap before
{Heap before GC invocations=26 (full 0):
 garbage-first heap   total 225280K, used 167900K [0x0000000080000000, 0x0000000100000000)
  region size 1024K, 70 young (71680K), 6 survivors (6144K)
 Metaspace       used 97470K, capacity 100233K, committed 100344K, reserved 1136640K
  class space    used 12708K, capacity 13746K, committed 13824K, reserved 1048576K
}
Event: 25.776 GC heap after
{Heap after GC invocations=27 (full 0):
 garbage-first heap   total 225280K, used 107741K [0x0000000080000000, 0x0000000100000000)
  region size 1024K, 4 young (4096K), 4 survivors (4096K)
 Metaspace       used 97470K, capacity 100233K, committed 100344K, reserved 1136640K
  class space    used 12708K, capacity 13746K, committed 13824K, reserved 1048576K
}
Event: 27.449 GC heap before
{Heap before GC invocations=28 (full 0):
 garbage-first heap   total 225280K, used 173277K [0x0000000080000000, 0x0000000100000000)
  region size 1024K, 70 young (71680K), 4 survivors (4096K)
 Metaspace       used 106059K, capacity 109365K, committed 109704K, reserved 1142784K
  class space    used 14184K, capacity 15446K, committed 15560K, reserved 1048576K
}
Event: 27.477 GC heap after
{Heap after GC invocations=29 (full 0):
 garbage-first heap   total 225280K, used 108846K [0x0000000080000000, 0x0000000100000000)
  region size 1024K, 6 young (6144K), 6 survivors (6144K)
 Metaspace       used 106059K, capacity 109365K, committed 109704K, reserved 1142784K
  class space    used 14184K, capacity 15446K, committed 15560K, reserved 1048576K
}
Event: 27.591 GC heap before
{Heap before GC invocations=29 (full 0):
 garbage-first heap   total 225280K, used 113966K [0x0000000080000000, 0x0000000100000000)
  region size 1024K, 11 young (11264K), 6 survivors (6144K)
 Metaspace       used 106371K, capacity 109685K, committed 109960K, reserved 1144832K
  class space    used 14232K, capacity 15510K, committed 15560K, reserved 1048576K
}
Event: 27.613 GC heap after
{Heap after GC invocations=30 (full 0):
 garbage-first heap   total 225280K, used 107519K [0x0000000080000000, 0x0000000100000000)
  region size 1024K, 1 young (1024K), 1 survivors (1024K)
 Metaspace       used 106371K, capacity 109685K, committed 109960K, reserved 1144832K
  class space    used 14232K, capacity 15510K, committed 15560K, reserved 1048576K
}

