# JRE version: OpenJDK Runtime Environment (11.0.11+9) (build 11.0.11+9-b60-7590822)
# Java VM: OpenJDK 64-Bit Server VM (11.0.11+9-b60-7590822, mixed mode, tiered, compressed oops, g1 gc, windows-amd64)
Heap:
 garbage-first heap   total 155648K, used 63488K [0x0000000080000000, 0x0000000100000000)
  region size 1024K, 30 young (30720K), 10 survivors (10240K)
 Metaspace       used 50197K, capacity 51550K, committed 51788K, reserved 1093632K
  class space    used 6415K, capacity 6910K, committed 6988K, reserved 1048576K
GC Heap History (20 events):
Event: 1.140 GC heap before
{Heap before GC invocations=0 (full 0):
 garbage-first heap   total 129024K, used 29696K [0x0000000080000000, 0x0000000100000000)
  region size 1024K, 24 young (24576K), 0 survivors (0K)
 Metaspace       used 10249K, capacity 10487K, committed 10624K, reserved 1058816K
  class space    used 1073K, capacity 1141K, committed 1152K, reserved 1048576K
}
Event: 1.148 GC heap after
{Heap after GC invocations=1 (full 0):
 garbage-first heap   total 129024K, used 9627K [0x0000000080000000, 0x0000000100000000)
  region size 1024K, 3 young (3072K), 3 survivors (3072K)
 Metaspace       used 10249K, capacity 10487K, committed 10624K, reserved 1058816K
  class space    used 1073K, capacity 1141K, committed 1152K, reserved 1048576K
}
Event: 1.703 GC heap before
{Heap before GC invocations=1 (full 0):
 garbage-first heap   total 129024K, used 31131K [0x0000000080000000, 0x0000000100000000)
  region size 1024K, 24 young (24576K), 3 survivors (3072K)
 Metaspace       used 11177K, capacity 11378K, committed 11520K, reserved 1058816K
  class space    used 1174K, capacity 1246K, committed 1280K, reserved 1048576K
}
Event: 1.708 GC heap after
{Heap after GC invocations=2 (full 0):
 garbage-first heap   total 129024K, used 10243K [0x0000000080000000, 0x0000000100000000)
  region size 1024K, 1 young (1024K), 1 survivors (1024K)
 Metaspace       used 11177K, capacity 11378K, committed 11520K, reserved 1058816K
  class space    used 1174K, capacity 1246K, committed 1280K, reserved 1048576K
}
Event: 3.535 GC heap before
{Heap before GC invocations=2 (full 0):
 garbage-first heap   total 129024K, used 61443K [0x0000000080000000, 0x0000000100000000)
  region size 1024K, 51 young (52224K), 1 survivors (1024K)
 Metaspace       used 17535K, capacity 17864K, committed 18176K, reserved 1064960K
  class space    used 2078K, capacity 2219K, committed 2304K, reserved 1048576K
}
Event: 3.540 GC heap after
{Heap after GC invocations=3 (full 0):
 garbage-first heap   total 129024K, used 16810K [0x0000000080000000, 0x0000000100000000)
  region size 1024K, 7 young (7168K), 7 survivors (7168K)
 Metaspace       used 17535K, capacity 17864K, committed 18176K, reserved 1064960K
  class space    used 2078K, capacity 2219K, committed 2304K, reserved 1048576K
}
Event: 3.902 GC heap before
{Heap before GC invocations=3 (full 0):
 garbage-first heap   total 129024K, used 42410K [0x0000000080000000, 0x0000000100000000)
  region size 1024K, 33 young (33792K), 7 survivors (7168K)
 Metaspace       used 20655K, capacity 21087K, committed 21248K, reserved 1067008K
  class space    used 2544K, capacity 2697K, committed 2816K, reserved 1048576K
}
Event: 3.913 GC heap after
{Heap after GC invocations=4 (full 0):
 garbage-first heap   total 129024K, used 17919K [0x0000000080000000, 0x0000000100000000)
  region size 1024K, 2 young (2048K), 2 survivors (2048K)
 Metaspace       used 20655K, capacity 21087K, committed 21248K, reserved 1067008K
  class space    used 2544K, capacity 2697K, committed 2816K, reserved 1048576K
}
Event: 5.945 GC heap before
{Heap before GC invocations=5 (full 0):
 garbage-first heap   total 129024K, used 68095K [0x0000000080000000, 0x0000000100000000)
  region size 1024K, 51 young (52224K), 2 survivors (2048K)
 Metaspace       used 25859K, capacity 26444K, committed 26752K, reserved 1073152K
  class space    used 3386K, capacity 3617K, committed 3712K, reserved 1048576K
}
Event: 5.950 GC heap after
{Heap after GC invocations=6 (full 0):
 garbage-first heap   total 129024K, used 19758K [0x0000000080000000, 0x0000000100000000)
  region size 1024K, 3 young (3072K), 3 survivors (3072K)
 Metaspace       used 25859K, capacity 26444K, committed 26752K, reserved 1073152K
  class space    used 3386K, capacity 3617K, committed 3712K, reserved 1048576K
}
Event: 8.204 GC heap before
{Heap before GC invocations=6 (full 0):
 garbage-first heap   total 129024K, used 74030K [0x0000000080000000, 0x0000000100000000)
  region size 1024K, 56 young (57344K), 3 survivors (3072K)
 Metaspace       used 32299K, capacity 33026K, committed 33280K, reserved 1077248K
  class space    used 4264K, capacity 4538K, committed 4608K, reserved 1048576K
}
Event: 8.216 GC heap after
{Heap after GC invocations=7 (full 0):
 garbage-first heap   total 129024K, used 22131K [0x0000000080000000, 0x0000000100000000)
  region size 1024K, 6 young (6144K), 6 survivors (6144K)
 Metaspace       used 32299K, capacity 33026K, committed 33280K, reserved 1077248K
  class space    used 4264K, capacity 4538K, committed 4608K, reserved 1048576K
}
Event: 9.114 GC heap before
{Heap before GC invocations=7 (full 0):
 garbage-first heap   total 129024K, used 28275K [0x0000000080000000, 0x0000000100000000)
  region size 1024K, 13 young (13312K), 6 survivors (6144K)
 Metaspace       used 35006K, capacity 35786K, committed 35840K, reserved 1081344K
  class space    used 4554K, capacity 4863K, committed 4864K, reserved 1048576K
}
Event: 9.130 GC heap after
{Heap after GC invocations=8 (full 0):
 garbage-first heap   total 129024K, used 23539K [0x0000000080000000, 0x0000000100000000)
  region size 1024K, 4 young (4096K), 4 survivors (4096K)
 Metaspace       used 35006K, capacity 35786K, committed 35840K, reserved 1081344K
  class space    used 4554K, capacity 4863K, committed 4864K, reserved 1048576K
}
Event: 10.602 GC heap before
{Heap before GC invocations=9 (full 0):
 garbage-first heap   total 129024K, used 82931K [0x0000000080000000, 0x0000000100000000)
  region size 1024K, 60 young (61440K), 4 survivors (4096K)
 Metaspace       used 39203K, capacity 40206K, committed 40268K, reserved 1083392K
  class space    used 5035K, capacity 5393K, committed 5452K, reserved 1048576K
}
Event: 10.614 GC heap after
{Heap after GC invocations=10 (full 0):
 garbage-first heap   total 155648K, used 28252K [0x0000000080000000, 0x0000000100000000)
  region size 1024K, 8 young (8192K), 8 survivors (8192K)
 Metaspace       used 39203K, capacity 40206K, committed 40268K, reserved 1083392K
  class space    used 5035K, capacity 5393K, committed 5452K, reserved 1048576K
}
Event: 12.274 GC heap before
{Heap before GC invocations=10 (full 0):
 garbage-first heap   total 155648K, used 94812K [0x0000000080000000, 0x0000000100000000)
  region size 1024K, 72 young (73728K), 8 survivors (8192K)
 Metaspace       used 44986K, capacity 46004K, committed 46156K, reserved 1089536K
  class space    used 5784K, capacity 6165K, committed 6220K, reserved 1048576K
}
Event: 12.289 GC heap after
{Heap after GC invocations=11 (full 0):
 garbage-first heap   total 155648K, used 30799K [0x0000000080000000, 0x0000000100000000)
  region size 1024K, 7 young (7168K), 7 survivors (7168K)
 Metaspace       used 44986K, capacity 46004K, committed 46156K, reserved 1089536K
  class space    used 5784K, capacity 6165K, committed 6220K, reserved 1048576K
}
Event: 14.354 GC heap before
{Heap before GC invocations=11 (full 0):
 garbage-first heap   total 155648K, used 108623K [0x0000000080000000, 0x0000000100000000)
  region size 1024K, 78 young (79872K), 7 survivors (7168K)
 Metaspace       used 48142K, capacity 49381K, committed 49612K, reserved 1091584K
  class space    used 6149K, capacity 6582K, committed 6604K, reserved 1048576K
}
Event: 14.368 GC heap after
{Heap after GC invocations=12 (full 0):
 garbage-first heap   total 155648K, used 44032K [0x0000000080000000, 0x0000000100000000)
  region size 1024K, 10 young (10240K), 10 survivors (10240K)
 Metaspace       used 48142K, capacity 49381K, committed 49612K, reserved 1091584K
  class space    used 6149K, capacity 6582K, committed 6604K, reserved 1048576K
}

